app/build/intermediates/manifest_merge_blame_file/debug/manifest-merger-blame-debug-report.txt
1<?xml version="1.0" encoding="utf-8"?>
2<manifest xmlns:android="http://schemas.android.com/apk/res/android"
3    package="edu.cnm.deepdive.plantadice"
4    android:versionCode="1"
5    android:versionName="1.0" >
6
7    <uses-sdk
8        android:minSdkVersion="24"
8-->src/main/AndroidManifest.xml
9        android:targetSdkVersion="29" />
9-->src/main/AndroidManifest.xml
10
11    <uses-permission android:name="android.permission.INTERNET" />
11-->src/main/AndroidManifest.xml:5:5-66
11-->src/main/AndroidManifest.xml:5:22-64
12
13    <!-- API doesn't use https so we have to use Cleartext -->
14    <application
14-->src/main/AndroidManifest.xml:8:5-25:19
15        android:name="edu.cnm.deepdive.plantadice.PlantsApplication"
15-->src/main/AndroidManifest.xml:9:7-40
16        android:allowBackup="false"
16-->src/main/AndroidManifest.xml:11:7-34
17        android:appComponentFactory="androidx.core.app.CoreComponentFactory"
17-->[androidx.core:core:1.3.0] AndroidManifest.xml:24:18-86
18        android:debuggable="true"
19        android:extractNativeLibs="false"
20        android:icon="@mipmap/ic_launcher"
20-->src/main/AndroidManifest.xml:12:7-41
21        android:label="@string/app_name"
21-->src/main/AndroidManifest.xml:13:7-39
22        android:roundIcon="@mipmap/ic_launcher_round"
22-->src/main/AndroidManifest.xml:14:7-52
23        android:supportsRtl="true"
23-->src/main/AndroidManifest.xml:15:7-33
24        android:testOnly="true"
25        android:theme="@style/AppTheme"
25-->src/main/AndroidManifest.xml:16:7-38
26        android:usesCleartextTraffic="true" >
26-->src/main/AndroidManifest.xml:10:7-42
27        <activity android:name="edu.cnm.deepdive.plantadice.controller.MainActivity" >
27-->src/main/AndroidManifest.xml:17:9-24:20
27-->src/main/AndroidManifest.xml:18:11-50
28            <intent-filter>
28-->src/main/AndroidManifest.xml:19:13-23:29
29                <action android:name="android.intent.action.MAIN" />
29-->src/main/AndroidManifest.xml:20:17-68
29-->src/main/AndroidManifest.xml:20:25-66
30
31                <category android:name="android.intent.category.LAUNCHER" />
31-->src/main/AndroidManifest.xml:22:17-76
31-->src/main/AndroidManifest.xml:22:27-74
32            </intent-filter>
33        </activity>
34
35        <service
35-->[androidx.room:room-runtime:2.2.5] AndroidManifest.xml:25:9-28:40
36            android:name="androidx.room.MultiInstanceInvalidationService"
36-->[androidx.room:room-runtime:2.2.5] AndroidManifest.xml:26:13-74
37            android:directBootAware="true"
37-->[androidx.room:room-runtime:2.2.5] AndroidManifest.xml:27:13-43
38            android:exported="false" />
38-->[androidx.room:room-runtime:2.2.5] AndroidManifest.xml:28:13-37
39
40        <provider
40-->[androidx.lifecycle:lifecycle-process:2.2.0] AndroidManifest.xml:25:9-29:43
41            android:name="androidx.lifecycle.ProcessLifecycleOwnerInitializer"
41-->[androidx.lifecycle:lifecycle-process:2.2.0] AndroidManifest.xml:26:13-79
42            android:authorities="edu.cnm.deepdive.plantadice.lifecycle-process"
42-->[androidx.lifecycle:lifecycle-process:2.2.0] AndroidManifest.xml:27:13-69
43            android:exported="false"
43-->[androidx.lifecycle:lifecycle-process:2.2.0] AndroidManifest.xml:28:13-37
44            android:multiprocess="true" />
44-->[androidx.lifecycle:lifecycle-process:2.2.0] AndroidManifest.xml:29:13-40
45    </application>
46
47</manifest>